<?xml version="1.0" encoding="UTF-8"?>
<!-- Generated by org.testng.reporters.JUnitReportReporter -->
<testsuite skipped="0" hostname="LAPTOP-SRPMELPF" name="com.example.NewTest" tests="4" failures="0" timestamp="2022-10-07T14:20:20 IST" time="18.470" errors="0">
  <testcase name="register" time="5.499" classname="com.example.NewTest"/>
  <system-out/>
  <testcase name="login" time="4.973" classname="com.example.NewTest"/>
  <system-out/>
  <testcase name="search" time="3.924" classname="com.example.NewTest"/>
  <system-out/>
  <testcase name="addtocart" time="4.074" classname="com.example.NewTest"/>
  <system-out/>
</testsuite> <!-- com.example.NewTest -->
