<?xml version="1.0" encoding="UTF-8"?>
<!-- Generated by org.testng.reporters.JUnitReportReporter -->
<testsuite skipped="0" hostname="LAPTOP-SRPMELPF" name="TestNG.AutomateECommerce.NewTest" tests="6" failures="0" timestamp="2022-10-18T16:02:59 IST" time="228.465" errors="0">
  <testcase name="searchproduct" time="32.936" classname="TestNG.AutomateECommerce.NewTest"/>
  <system-out/>
  <testcase name="loadImage" time="29.320" classname="TestNG.AutomateECommerce.NewTest"/>
  <system-out/>
  <testcase name="bottom" time="31.425" classname="TestNG.AutomateECommerce.NewTest"/>
  <system-out/>
  <testcase name="screenResolution" time="55.099" classname="TestNG.AutomateECommerce.NewTest"/>
  <system-out/>
  <testcase name="ScrollbarpresentCheck" time="43.259" classname="TestNG.AutomateECommerce.NewTest"/>
  <system-out/>
  <testcase name="scrollFrequency" time="36.426" classname="TestNG.AutomateECommerce.NewTest"/>
  <system-out/>
</testsuite> <!-- TestNG.AutomateECommerce.NewTest -->
